<?xml version="1.0" encoding="UTF-8"?>
<testng-results ignored="0" total="1" passed="1" failed="0" skipped="0">
  <reporter-output>
  </reporter-output>
  <suite started-at="2022-06-25T17:18:56 IST" name="Default suite" finished-at="2022-06-25T17:19:17 IST" duration-ms="21861">
    <groups>
    </groups>
    <test started-at="2022-06-25T17:18:56 IST" name="Default test" finished-at="2022-06-25T17:19:17 IST" duration-ms="21861">
      <class name="Automation.OrangeHRM.runnerClass">
        <test-method signature="login()[pri:1, instance:Automation.OrangeHRM.runnerClass@13e39c73]" started-at="2022-06-25T17:18:56 IST" name="login" finished-at="2022-06-25T17:19:17 IST" duration-ms="21750" status="PASS">
          <reporter-output>
          </reporter-output>
        </test-method> <!-- login -->
      </class> <!-- Automation.OrangeHRM.runnerClass -->
    </test> <!-- Default test -->
  </suite> <!-- Default suite -->
</testng-results>
